Arguments: 
  /Users/ghack/.nvm/versions/node/v14.19.0/bin/node /opt/homebrew/Cellar/yarn/1.22.17_2/libexec/bin/yarn.js install

PATH: 
  /Users/ghack/opt/anaconda3/bin:/Users/ghack/opt/anaconda3/condabin:/Users/ghack/.nvm/versions/node/v14.19.0/bin:/opt/homebrew/bin:/opt/homebrew/sbin:/usr/local/bin:/usr/bin:/bin:/usr/sbin:/sbin:/usr/local/MacGPG2/bin:/Library/Apple/usr/bin

Yarn version: 
  1.22.17

Node version: 
  14.19.0

Platform: 
  darwin x64

Trace: 
  Error: https://npm.code.nekotal.tech/colors/-/colors-1.4.2.tgz: Request failed "404 Not Found"
      at ResponseError.ExtendableBuiltin (/opt/homebrew/Cellar/yarn/1.22.17_2/libexec/lib/cli.js:696:66)
      at new ResponseError (/opt/homebrew/Cellar/yarn/1.22.17_2/libexec/lib/cli.js:802:124)
      at Request.<anonymous> (/opt/homebrew/Cellar/yarn/1.22.17_2/libexec/lib/cli.js:67099:16)
      at Request.emit (events.js:400:28)
      at Request.module.exports.Request.onRequestResponse (/opt/homebrew/Cellar/yarn/1.22.17_2/libexec/lib/cli.js:141760:10)
      at ClientRequest.emit (events.js:400:28)
      at HTTPParser.parserOnIncomingClient (_http_client.js:647:27)
      at HTTPParser.parserOnHeadersComplete (_http_common.js:127:17)
      at HTTPParser.execute (<anonymous>)
      at TLSSocket.socketOnData (_http_client.js:515:22)

npm manifest: 
  {
    "name": "restaurant",
    "version": "1.0.0",
    "main": "node_modules/expo/AppEntry.js",
    "scripts": {
      "start": "expo start",
      "android": "expo start --android",
      "ios": "expo start --ios",
      "web": "expo start --web",
      "eject": "expo eject"
    },
    "dependencies": {
      "expo": "~44.0.0",
      "expo-status-bar": "~1.2.0",
      "react": "17.0.1",
      "react-dom": "17.0.1",
      "react-native": "0.64.3",
      "react-native-web": "0.17.1"
    },
    "devDependencies": {
      "@babel/core": "^7.12.9"
    },
    "private": true
  }

yarn manifest: 
  No manifest

Lockfile: 
  No lockfile
